<?xml version="1.0" encoding="UTF-8"?>
<!-- Generated by org.testng.reporters.JUnitXMLReporter -->
<testsuite hostname="ThinkPad-T430" ignored="0" name="Forgot Password" tests="1" failures="0" timestamp="18 May 2018 16:05:05 GMT" time="0.04" errors="0">
  <testcase name="@BeforeTest setup" time="0.001" classname="com.training.test.ForgotPasswordTest">
    <failure type="org.openqa.selenium.NoSuchSessionException" message="Session ID is null. Using WebDriver after calling quit()?
Build info: version: &amp;apos;3.12.0&amp;apos;, revision: &amp;apos;7c6e0b3&amp;apos;, time: &amp;apos;2018-05-08T14:04:26.12Z&amp;apos;
System info: host: &amp;apos;THINKPAD-T430&amp;apos;, ip: &amp;apos;10.0.0.11&amp;apos;, os.name: &amp;apos;Windows 10&amp;apos;, os.arch: &amp;apos;amd64&amp;apos;, os.version: &amp;apos;10.0&amp;apos;, java.version: &amp;apos;1.8.0_161&amp;apos;
Driver info: driver.version: RemoteWebDriver">
      <![CDATA[org.openqa.selenium.NoSuchSessionException: Session ID is null. Using WebDriver after calling quit()?
Build info: version: '3.12.0', revision: '7c6e0b3', time: '2018-05-08T14:04:26.12Z'
System info: host: 'THINKPAD-T430', ip: '10.0.0.11', os.name: 'Windows 10', os.arch: 'amd64', os.version: '10.0', java.version: '1.8.0_161'
Driver info: driver.version: RemoteWebDriver
at org.openqa.selenium.remote.HttpCommandExecutor.execute(HttpCommandExecutor.java:125)
at org.openqa.selenium.remote.service.DriverCommandExecutor.execute(DriverCommandExecutor.java:83)
at org.openqa.selenium.remote.RemoteWebDriver.execute(RemoteWebDriver.java:543)
at org.openqa.selenium.remote.RemoteWebDriver.get(RemoteWebDriver.java:271)
at com.training.base.SalesForceWebDriverBase.loadInitialURL(SalesForceWebDriverBase.java:75)
at com.training.test.ForgotPasswordTest.setup(ForgotPasswordTest.java:20)
... Removed 24 stack frames]]>
    </failure>
  </testcase> <!-- @BeforeTest setup -->
  <testcase name="@AfterMethod teardown" time="0.0" classname="com.training.test.ForgotPasswordTest">
    <skipped/>
  </testcase> <!-- @AfterMethod teardown -->
  <testcase name="@AfterTest tearDown" time="0.0" classname="com.training.test.ForgotPasswordTest">
    <skipped/>
  </testcase> <!-- @AfterTest tearDown -->
  <testcase name="ForgotPassword" time="0.0" classname="com.training.test.ForgotPasswordTest">
    <skipped/>
  </testcase> <!-- ForgotPassword -->
</testsuite> <!-- Forgot Password -->
